<?xml version="1.0" encoding="UTF-8"?>
<testsuite name="org.javaguru.travel.insurance.core.validations.agreement.ValidationAgreementDateFromTest" tests="2" skipped="0" failures="0" errors="0" timestamp="2025-10-18T10:28:55" hostname="DESKTOP-0C0N9P6" time="0.007">
  <properties/>
  <testcase name="shouldNotReturnErrorWhenAgreementDateFromIsNotNull()" classname="org.javaguru.travel.insurance.core.validations.agreement.ValidationAgreementDateFromTest" time="0.002"/>
  <testcase name="shouldReturnErrorWhenAgreementDateFromIsNull()" classname="org.javaguru.travel.insurance.core.validations.agreement.ValidationAgreementDateFromTest" time="0.004"/>
  <system-out><![CDATA[]]></system-out>
  <system-err><![CDATA[]]></system-err>
</testsuite>
