<?xml version="1.0" encoding="UTF-8"?>
<testsuite name="org.javaguru.travel.insurance.core.validations.person.PersonFieldAnnotationValidationTest" tests="3" skipped="0" failures="0" errors="0" timestamp="2025-10-18T10:28:58" hostname="DESKTOP-0C0N9P6" time="0.103">
  <properties/>
  <testcase name="shouldReturnErrorWhenLastNameExceedsMaxLength()" classname="org.javaguru.travel.insurance.core.validations.person.PersonFieldAnnotationValidationTest" time="0.09"/>
  <testcase name="shouldReturnErrorWhenFirstNameExceedsMaxLength()" classname="org.javaguru.travel.insurance.core.validations.person.PersonFieldAnnotationValidationTest" time="0.007"/>
  <testcase name="shouldReturnNoErrorsWhenFirstNameIsValid()" classname="org.javaguru.travel.insurance.core.validations.person.PersonFieldAnnotationValidationTest" time="0.005"/>
  <system-out><![CDATA[]]></system-out>
  <system-err><![CDATA[]]></system-err>
</testsuite>
