<?xml version="1.0" encoding="UTF-8"?>
<testsuite name="org.javaguru.travel.insurance.core.underwriting.calculators.medical.InsuranceLimitCoefficientCalculatorTest" tests="3" skipped="0" failures="0" errors="0" timestamp="2025-10-18T10:28:40" hostname="DESKTOP-0C0N9P6" time="0.11">
  <properties/>
  <testcase name="Should return correct coefficient for medical risk limit level" classname="org.javaguru.travel.insurance.core.underwriting.calculators.medical.InsuranceLimitCoefficientCalculatorTest" time="0.104"/>
  <testcase name="Should throw exception if medical risk limit level not found" classname="org.javaguru.travel.insurance.core.underwriting.calculators.medical.InsuranceLimitCoefficientCalculatorTest" time="0.004"/>
  <testcase name="Should return default value when feature disabled" classname="org.javaguru.travel.insurance.core.underwriting.calculators.medical.InsuranceLimitCoefficientCalculatorTest" time="0.002"/>
  <system-out><![CDATA[]]></system-out>
  <system-err><![CDATA[]]></system-err>
</testsuite>
