<?xml version="1.0" encoding="UTF-8"?>
<testsuite name="org.javaguru.travel.insurance.core.underwriting.calculators.medical.DayCountCalculatorTest" tests="1" skipped="0" failures="0" errors="0" timestamp="2025-10-18T10:28:40" hostname="DESKTOP-0C0N9P6" time="0.037">
  <properties/>
  <testcase name="Should calculate correct day count" classname="org.javaguru.travel.insurance.core.underwriting.calculators.medical.DayCountCalculatorTest" time="0.037"/>
  <system-out><![CDATA[]]></system-out>
  <system-err><![CDATA[]]></system-err>
</testsuite>
