<?xml version="1.0" encoding="UTF-8"?>
<testsuite name="org.javaguru.travel.insurance.core.validations.integration.ValidationDateOfBirthIntegrationTest" tests="2" skipped="0" failures="0" errors="0" timestamp="2025-10-18T10:28:57" hostname="DESKTOP-0C0N9P6" time="0.05">
  <properties/>
  <testcase name="shouldReturnErrorWhenDateOfBirthIsNull()" classname="org.javaguru.travel.insurance.core.validations.integration.ValidationDateOfBirthIntegrationTest" time="0.029"/>
  <testcase name="shouldReturnErrorWhenDateOfBirthIsInFuture()" classname="org.javaguru.travel.insurance.core.validations.integration.ValidationDateOfBirthIntegrationTest" time="0.02"/>
  <system-out><![CDATA[2025-10-18 13:28:56,476 [Test worker] INFO  o.s.t.c.s.AnnotationConfigContextLoaderUtils - Could not detect default configuration classes for test class [org.javaguru.travel.insurance.core.validations.integration.ValidationDateOfBirthIntegrationTest]: ValidationDateOfBirthIntegrationTest does not declare any static, non-private, non-final, nested classes annotated with @Configuration.
2025-10-18 13:28:56,482 [Test worker] INFO  o.s.b.t.c.SpringBootTestContextBootstrapper - Found @SpringBootConfiguration org.javaguru.travel.insurance.InsuranceApplication for test class org.javaguru.travel.insurance.core.validations.integration.ValidationDateOfBirthIntegrationTest

  .   ____          _            __ _ _
 /\\ / ___'_ __ _ _(_)_ __  __ _ \ \ \ \
( ( )\___ | '_ | '_| | '_ \/ _` | \ \ \ \
 \\/  ___)| |_)| | | | | || (_| |  ) ) ) )
  '  |____| .__|_| |_|_| |_\__, | / / / /
 =========|_|==============|___/=/_/_/_/

 :: Spring Boot ::                (v3.4.5)

2025-10-18 13:28:56,508 [Test worker] INFO  o.j.t.i.c.v.i.ValidationDateOfBirthIntegrationTest - Starting ValidationDateOfBirthIntegrationTest using Java 21.0.4 with PID 22068 (started by Sinahatake in C:\Users\Sinahatake\IdeaProjects\2025_virtual_internship\student_nastya_loktionova_v2\insurance-calculator-app)
2025-10-18 13:28:56,509 [Test worker] INFO  o.j.t.i.c.v.i.ValidationDateOfBirthIntegrationTest - No active profile set, falling back to 1 default profile: "default"
2025-10-18 13:28:56,707 [Test worker] INFO  o.s.d.r.c.RepositoryConfigurationDelegate - Bootstrapping Spring Data JPA repositories in DEFAULT mode.
2025-10-18 13:28:56,746 [Test worker] INFO  o.s.d.r.c.RepositoryConfigurationDelegate - Finished Spring Data repository scanning in 38 ms. Found 12 JPA repository interfaces.
2025-10-18 13:28:56,772 [Test worker] INFO  o.s.b.t.a.j.TestDatabaseAutoConfiguration$EmbeddedDataSourceBeanFactoryPostProcessor - Replacing 'dataSource' DataSource bean with embedded version
2025-10-18 13:28:56,807 [Test worker] INFO  o.s.j.d.e.EmbeddedDatabaseFactory - Starting embedded database: url='jdbc:h2:mem:c9f08760-aeff-4b1c-983b-43353fe9dfb4;DB_CLOSE_DELAY=-1;DB_CLOSE_ON_EXIT=false', username='sa'
2025-10-18 13:28:56,886 [Test worker] INFO  o.h.jpa.internal.util.LogHelper - HHH000204: Processing PersistenceUnitInfo [name: default]
2025-10-18 13:28:56,889 [Test worker] INFO  o.h.c.i.RegionFactoryInitiator - HHH000026: Second-level cache disabled
2025-10-18 13:28:56,900 [Test worker] INFO  o.s.o.j.p.SpringPersistenceUnitInfo - No LoadTimeWeaver setup: ignoring JPA class transformer
2025-10-18 13:28:56,902 [Test worker] WARN  org.hibernate.orm.deprecation - HHH90000025: H2Dialect does not need to be specified explicitly using 'hibernate.dialect' (remove the property setting and it will be selected by default)
2025-10-18 13:28:56,902 [Test worker] INFO  o.hibernate.orm.connections.pooling - HHH10001005: Database info:
	Database JDBC URL [Connecting through datasource 'org.springframework.jdbc.datasource.embedded.EmbeddedDatabaseFactory$EmbeddedDataSourceProxy@4c02be34']
	Database driver: undefined/unknown
	Database version: 2.2.224
	Autocommit mode: undefined/unknown
	Isolation level: undefined/unknown
	Minimum pool size: undefined/unknown
	Maximum pool size: undefined/unknown
2025-10-18 13:28:56,969 [Test worker] INFO  o.h.e.t.j.p.i.JtaPlatformInitiator - HHH000489: No JTA platform available (set 'hibernate.transaction.jta.platform' to enable JTA platform integration)
2025-10-18 13:28:56,973 [Test worker] INFO  o.s.o.j.LocalContainerEntityManagerFactoryBean - Initialized JPA EntityManagerFactory for persistence unit 'default'
2025-10-18 13:28:57,130 [Test worker] WARN  o.s.b.a.o.j.JpaBaseConfiguration$JpaWebConfiguration - spring.jpa.open-in-view is enabled by default. Therefore, database queries may be performed during view rendering. Explicitly configure spring.jpa.open-in-view to disable this warning
2025-10-18 13:28:57,215 [Test worker] INFO  o.s.b.t.m.w.SpringBootMockServletContext - Initializing Spring TestDispatcherServlet ''
2025-10-18 13:28:57,215 [Test worker] INFO  o.s.t.w.s.TestDispatcherServlet - Initializing Servlet ''
2025-10-18 13:28:57,215 [Test worker] INFO  o.s.t.w.s.TestDispatcherServlet - Completed initialization in 0 ms
2025-10-18 13:28:57,225 [Test worker] INFO  o.s.a.r.c.CachingConnectionFactory - Attempting to connect to: [localhost:5672]
2025-10-18 13:28:57,233 [Test worker] INFO  o.s.a.r.c.CachingConnectionFactory - Created new connection: rabbitConnectionFactory#7d4e4df4:0/SimpleConnection@6dd11d81 [delegate=amqp://guest@127.0.0.1:5672/, localPort=5991]
2025-10-18 13:28:57,247 [Test worker] INFO  o.j.t.i.c.v.i.ValidationDateOfBirthIntegrationTest - Started ValidationDateOfBirthIntegrationTest in 0.762 seconds (process running for 31.424)
Hibernate: select cv1_0.id,cv1_0.classifier_id,cv1_0.description,cv1_0.ic from classifier_values cv1_0 left join classifiers c1_0 on c1_0.id=cv1_0.classifier_id where c1_0.title=? and cv1_0.ic=?
Hibernate: select c1_0.id,c1_0.description,c1_0.title from classifiers c1_0 where c1_0.id=?
Hibernate: select cv1_0.id,cv1_0.classifier_id,cv1_0.description,cv1_0.ic from classifier_values cv1_0 left join classifiers c1_0 on c1_0.id=cv1_0.classifier_id where c1_0.title=? and cv1_0.ic=?
Hibernate: select c1_0.id,c1_0.description,c1_0.title from classifiers c1_0 where c1_0.id=?
Hibernate: select cv1_0.id,cv1_0.classifier_id,cv1_0.description,cv1_0.ic from classifier_values cv1_0 left join classifiers c1_0 on c1_0.id=cv1_0.classifier_id where c1_0.title=? and cv1_0.ic=?
Hibernate: select c1_0.id,c1_0.description,c1_0.title from classifiers c1_0 where c1_0.id=?
Hibernate: select cv1_0.id,cv1_0.classifier_id,cv1_0.description,cv1_0.ic from classifier_values cv1_0 left join classifiers c1_0 on c1_0.id=cv1_0.classifier_id where c1_0.title=? and cv1_0.ic=?
Hibernate: select c1_0.id,c1_0.description,c1_0.title from classifiers c1_0 where c1_0.id=?
Hibernate: select cv1_0.id,cv1_0.classifier_id,cv1_0.description,cv1_0.ic from classifier_values cv1_0 left join classifiers c1_0 on c1_0.id=cv1_0.classifier_id where c1_0.title=? and cv1_0.ic=?
Hibernate: select c1_0.id,c1_0.description,c1_0.title from classifiers c1_0 where c1_0.id=?
Hibernate: select cv1_0.id,cv1_0.classifier_id,cv1_0.description,cv1_0.ic from classifier_values cv1_0 left join classifiers c1_0 on c1_0.id=cv1_0.classifier_id where c1_0.title=? and cv1_0.ic=?
Hibernate: select c1_0.id,c1_0.description,c1_0.title from classifiers c1_0 where c1_0.id=?
2025-10-18 13:28:57,304 [org.springframework.amqp.rabbit.RabbitListenerEndpointContainer#0-2] INFO  o.s.a.r.l.SimpleMessageListenerContainer - Waiting for workers to finish.
2025-10-18 13:28:58,256 [org.springframework.amqp.rabbit.RabbitListenerEndpointContainer#0-2] INFO  o.s.a.r.l.SimpleMessageListenerContainer - Successfully waited for workers to finish.
2025-10-18 13:28:58,262 [Test worker] INFO  o.s.o.j.LocalContainerEntityManagerFactoryBean - Closing JPA EntityManagerFactory for persistence unit 'default'
]]></system-out>
  <system-err><![CDATA[]]></system-err>
</testsuite>
