<?xml version="1.0" encoding="UTF-8"?>
<testsuite name="org.javaguru.travel.insurance.core.services.AgreementTotalPremiumCalculatorTest" tests="3" skipped="0" failures="0" errors="0" timestamp="2025-10-18T10:28:39" hostname="DESKTOP-0C0N9P6" time="0.012">
  <properties/>
  <testcase name="shouldSumPremiumsForAllPersons()" classname="org.javaguru.travel.insurance.core.services.AgreementTotalPremiumCalculatorTest" time="0.007"/>
  <testcase name="shouldReturnZeroWhenPersonsHaveNoRisks()" classname="org.javaguru.travel.insurance.core.services.AgreementTotalPremiumCalculatorTest" time="0.001"/>
  <testcase name="shouldReturnZeroWhenNoPersons()" classname="org.javaguru.travel.insurance.core.services.AgreementTotalPremiumCalculatorTest" time="0.001"/>
  <system-out><![CDATA[]]></system-out>
  <system-err><![CDATA[]]></system-err>
</testsuite>
