<?xml version="1.0" encoding="UTF-8"?>
<testsuite name="org.javaguru.travel.insurance.core.underwriting.TravelPremiumUnderwritingImplTest" tests="2" skipped="0" failures="0" errors="0" timestamp="2025-10-18T10:28:39" hostname="DESKTOP-0C0N9P6" time="0.06">
  <properties/>
  <testcase name="shouldCalculateTotalPremiumAsSumOfRiskPremiums()" classname="org.javaguru.travel.insurance.core.underwriting.TravelPremiumUnderwritingImplTest" time="0.052"/>
  <testcase name="shouldReturnZeroWhenNoRisksSelected()" classname="org.javaguru.travel.insurance.core.underwriting.TravelPremiumUnderwritingImplTest" time="0.007"/>
  <system-out><![CDATA[]]></system-out>
  <system-err><![CDATA[]]></system-err>
</testsuite>
