<?xml version="1.0" encoding="UTF-8"?>
<testsuite name="org.javaguru.travel.insurance.core.validations.person.ValidationFirstNameFormatTest" tests="2" skipped="0" failures="0" errors="0" timestamp="2025-10-18T10:28:58" hostname="DESKTOP-0C0N9P6" time="0.004">
  <properties/>
  <testcase name="shouldReturnErrorWhenFirstNameIsInvalid()" classname="org.javaguru.travel.insurance.core.validations.person.ValidationFirstNameFormatTest" time="0.002"/>
  <testcase name="shouldNotReturnErrorWhenFirstNameIsValid()" classname="org.javaguru.travel.insurance.core.validations.person.ValidationFirstNameFormatTest" time="0.002"/>
  <system-out><![CDATA[]]></system-out>
  <system-err><![CDATA[]]></system-err>
</testsuite>
