<?xml version="1.0" encoding="UTF-8"?>
<testsuite name="org.javaguru.travel.insurance.core.validations.agreement.ValidationCountryTest" tests="4" skipped="0" failures="0" errors="0" timestamp="2025-10-18T10:28:55" hostname="DESKTOP-0C0N9P6" time="0.161">
  <properties/>
  <testcase name="shouldReturnEmpty_whenCountryExistsInDatabase()" classname="org.javaguru.travel.insurance.core.validations.agreement.ValidationCountryTest" time="0.125"/>
  <testcase name="shouldReturnEmpty_whenSelectedRisksDoesNotContainTravelMedical()" classname="org.javaguru.travel.insurance.core.validations.agreement.ValidationCountryTest" time="0.007"/>
  <testcase name="shouldReturnEmpty_whenCountryIsNull_butTravelMedicalSelected()" classname="org.javaguru.travel.insurance.core.validations.agreement.ValidationCountryTest" time="0.006"/>
  <testcase name="shouldReturnError_whenCountryNotExistsInDatabase_andTravelMedicalSelected()" classname="org.javaguru.travel.insurance.core.validations.agreement.ValidationCountryTest" time="0.018"/>
  <system-out><![CDATA[]]></system-out>
  <system-err><![CDATA[]]></system-err>
</testsuite>
