<?xml version="1.0" encoding="UTF-8"?>
<testsuite name="org.javaguru.travel.insurance.core.validations.person.ValidationMedicalRiskLimitLevelTest" tests="4" skipped="0" failures="0" errors="0" timestamp="2025-10-18T10:28:58" hostname="DESKTOP-0C0N9P6" time="0.006">
  <properties/>
  <testcase name="shouldReturnEmpty_whenMedicalRiskLimitLevelIsBlank()" classname="org.javaguru.travel.insurance.core.validations.person.ValidationMedicalRiskLimitLevelTest" time="0.001"/>
  <testcase name="shouldReturnEmpty_whenMedicalRiskLimitLevelExistsInDatabase()" classname="org.javaguru.travel.insurance.core.validations.person.ValidationMedicalRiskLimitLevelTest" time="0.001"/>
  <testcase name="shouldReturnError_whenMedicalRiskLimitLevelNotExistsInDatabase()" classname="org.javaguru.travel.insurance.core.validations.person.ValidationMedicalRiskLimitLevelTest" time="0.002"/>
  <testcase name="shouldReturnEmpty_whenMedicalRiskLimitLevelIsNull()" classname="org.javaguru.travel.insurance.core.validations.person.ValidationMedicalRiskLimitLevelTest" time="0.001"/>
  <system-out><![CDATA[]]></system-out>
  <system-err><![CDATA[]]></system-err>
</testsuite>
