<?xml version="1.0" encoding="UTF-8"?>
<testsuite name="org.javaguru.travel.insurance.core.services.TravelCalculatePremiumServiceImplTest" tests="3" skipped="0" failures="0" errors="0" timestamp="2025-10-18T10:28:39" hostname="DESKTOP-0C0N9P6" time="0.366">
  <properties/>
  <testcase name="shouldCalculateTotalPremiumFromMultiplePersons()" classname="org.javaguru.travel.insurance.core.services.TravelCalculatePremiumServiceImplTest" time="0.331"/>
  <testcase name="shouldCalculatePremiumSuccessfully()" classname="org.javaguru.travel.insurance.core.services.TravelCalculatePremiumServiceImplTest" time="0.013"/>
  <testcase name="shouldReturnValidationErrors()" classname="org.javaguru.travel.insurance.core.services.TravelCalculatePremiumServiceImplTest" time="0.013"/>
  <system-out><![CDATA[]]></system-out>
  <system-err><![CDATA[]]></system-err>
</testsuite>
