<?xml version="1.0" encoding="UTF-8"?>
<testsuite name="org.javaguru.travel.insurance.core.validations.person.ValidationPersonLastNameTest" tests="3" skipped="0" failures="0" errors="0" timestamp="2025-10-18T10:28:58" hostname="DESKTOP-0C0N9P6" time="0.006">
  <properties/>
  <testcase name="shouldReturnErrorWhenPersonLastNameIsNull()" classname="org.javaguru.travel.insurance.core.validations.person.ValidationPersonLastNameTest" time="0.001"/>
  <testcase name="shouldReturnErrorWhenPersonLastNameIsEmpty()" classname="org.javaguru.travel.insurance.core.validations.person.ValidationPersonLastNameTest" time="0.003"/>
  <testcase name="shouldNotReturnErrorWhenPersonLastNameIsNotNull()" classname="org.javaguru.travel.insurance.core.validations.person.ValidationPersonLastNameTest" time="0.001"/>
  <system-out><![CDATA[]]></system-out>
  <system-err><![CDATA[]]></system-err>
</testsuite>
