<?xml version="1.0" encoding="UTF-8"?>
<testsuite name="org.javaguru.travel.insurance.core.underwriting.calculators.medical.TravelMedicalRiskPremiumCalculatorTest" tests="2" skipped="0" failures="0" errors="0" timestamp="2025-10-18T10:28:40" hostname="DESKTOP-0C0N9P6" time="0.156">
  <properties/>
  <testcase name="Should correctly calculate premium" classname="org.javaguru.travel.insurance.core.underwriting.calculators.medical.TravelMedicalRiskPremiumCalculatorTest" time="0.15"/>
  <testcase name="getRiskIc should return correct risk identifier" classname="org.javaguru.travel.insurance.core.underwriting.calculators.medical.TravelMedicalRiskPremiumCalculatorTest" time="0.005"/>
  <system-out><![CDATA[]]></system-out>
  <system-err><![CDATA[]]></system-err>
</testsuite>
