<?xml version="1.0" encoding="UTF-8"?>
<testsuite name="org.javaguru.travel.insurance.core.validations.agreement.ValidationCountryNotEmptyTest" tests="3" skipped="0" failures="0" errors="0" timestamp="2025-10-18T10:28:55" hostname="DESKTOP-0C0N9P6" time="0.007">
  <properties/>
  <testcase name="shouldReturnErrorWhenCountryIsEmpty()" classname="org.javaguru.travel.insurance.core.validations.agreement.ValidationCountryNotEmptyTest" time="0.003"/>
  <testcase name="shouldReturnErrorWhenCountryIsNull()" classname="org.javaguru.travel.insurance.core.validations.agreement.ValidationCountryNotEmptyTest" time="0.001"/>
  <testcase name="shouldReturnNoErrorWhenCountryIsPresent()" classname="org.javaguru.travel.insurance.core.validations.agreement.ValidationCountryNotEmptyTest" time="0.001"/>
  <system-out><![CDATA[]]></system-out>
  <system-err><![CDATA[]]></system-err>
</testsuite>
