<?xml version="1.0" encoding="UTF-8"?>
<testsuite name="org.javaguru.travel.insurance.core.underwriting.calculators.medical.CountryDefaultDayRateCalculatorTest" tests="2" skipped="0" failures="0" errors="0" timestamp="2025-10-18T10:28:40" hostname="DESKTOP-0C0N9P6" time="0.133">
  <properties/>
  <testcase name="Should throw exception if country not found" classname="org.javaguru.travel.insurance.core.underwriting.calculators.medical.CountryDefaultDayRateCalculatorTest" time="0.087"/>
  <testcase name="Should return default day rate for existing country" classname="org.javaguru.travel.insurance.core.underwriting.calculators.medical.CountryDefaultDayRateCalculatorTest" time="0.045"/>
  <system-out><![CDATA[]]></system-out>
  <system-err><![CDATA[]]></system-err>
</testsuite>
