<?xml version="1.0" encoding="UTF-8"?>
<testsuite name="org.javaguru.travel.insurance.core.validations.agreement.ValidateAgreementDateToInFutureTest" tests="2" skipped="0" failures="0" errors="0" timestamp="2025-10-18T10:28:55" hostname="DESKTOP-0C0N9P6" time="0.089">
  <properties/>
  <testcase name="shouldNotReturnErrorWhenAgreementDateToInTheFuture1()" classname="org.javaguru.travel.insurance.core.validations.agreement.ValidateAgreementDateToInFutureTest" time="0.041"/>
  <testcase name="shouldReturnErrorWhenDateToIsInPast()" classname="org.javaguru.travel.insurance.core.validations.agreement.ValidateAgreementDateToInFutureTest" time="0.047"/>
  <system-out><![CDATA[]]></system-out>
  <system-err><![CDATA[]]></system-err>
</testsuite>
