<?xml version="1.0" encoding="UTF-8"?>
<testsuite name="org.javaguru.travel.insurance.core.repositories.ClassifierRepositoryTest" tests="3" skipped="0" failures="0" errors="0" timestamp="2025-10-18T10:28:38" hostname="DESKTOP-0C0N9P6" time="0.088">
  <properties/>
  <testcase name="Test: Can't find record with Fake title" classname="org.javaguru.travel.insurance.core.repositories.ClassifierRepositoryTest" time="0.061"/>
  <testcase name="Test: Can find record by Title" classname="org.javaguru.travel.insurance.core.repositories.ClassifierRepositoryTest" time="0.011"/>
  <testcase name="Test: Classifier table is present" classname="org.javaguru.travel.insurance.core.repositories.ClassifierRepositoryTest" time="0.008"/>
  <system-out><![CDATA[2025-10-18 13:28:38,171 [Test worker] INFO  o.s.t.c.s.AnnotationConfigContextLoaderUtils - Could not detect default configuration classes for test class [org.javaguru.travel.insurance.core.repositories.ClassifierRepositoryTest]: ClassifierRepositoryTest does not declare any static, non-private, non-final, nested classes annotated with @Configuration.
2025-10-18 13:28:38,197 [Test worker] INFO  o.s.b.t.c.SpringBootTestContextBootstrapper - Found @SpringBootConfiguration org.javaguru.travel.insurance.InsuranceApplication for test class org.javaguru.travel.insurance.core.repositories.ClassifierRepositoryTest
Hibernate: select c1_0.id,c1_0.description,c1_0.title from classifiers c1_0 where c1_0.title=?
Hibernate: select c1_0.id,c1_0.description,c1_0.title from classifiers c1_0 where c1_0.title=?
]]></system-out>
  <system-err><![CDATA[]]></system-err>
</testsuite>
