<?xml version="1.0" encoding="UTF-8"?>
<testsuite name="org.javaguru.travel.insurance.core.validations.agreement.ValidationAgreementDateToTest" tests="2" skipped="0" failures="0" errors="0" timestamp="2025-10-18T10:28:55" hostname="DESKTOP-0C0N9P6" time="0.006">
  <properties/>
  <testcase name="shouldReturnErrorWhenAgreementDateToIsNull()" classname="org.javaguru.travel.insurance.core.validations.agreement.ValidationAgreementDateToTest" time="0.003"/>
  <testcase name="shouldNotReturnErrorWhenAgreementDateToIsNotNull()" classname="org.javaguru.travel.insurance.core.validations.agreement.ValidationAgreementDateToTest" time="0.002"/>
  <system-out><![CDATA[]]></system-out>
  <system-err><![CDATA[]]></system-err>
</testsuite>
